<?xml version="1.0" encoding="UTF-8"?>
<!-- Generated by org.testng.reporters.JUnitReportReporter -->
<testsuite hostname="FRP03384" failures="0" tests="1" name="Testng_Class.Test01" time="5.157" errors="0" timestamp="13 dÃ©c. 2022 14:34:01 GMT" skipped="0">
  <testcase classname="Testng_Class.Test01" name="essayeTest1" time="5.157"/>
</testsuite> <!-- Testng_Class.Test01 -->
